<?xml version="1.0" encoding="UTF-8"?>
<testng-results ignored="0" total="6" passed="6" failed="0" skipped="0">
  <reporter-output>
  </reporter-output>
  <suite started-at="2020-03-04T15:46:24Z" name="Surefire suite" finished-at="2020-03-04T15:46:24Z" duration-ms="47">
    <groups>
    </groups>
    <test started-at="2020-03-04T15:46:24Z" name="Surefire test" finished-at="2020-03-04T15:46:24Z" duration-ms="47">
      <class name="ca.jbrains.math.test.AddFractionsTest">
        <test-method signature="negativeInputsAndNegativeOutput()[pri:0, instance:ca.jbrains.math.test.AddFractionsTest@6950e31]" started-at="2020-03-04T15:46:24Z" name="negativeInputsAndNegativeOutput" finished-at="2020-03-04T15:46:24Z" duration-ms="0" status="PASS">
          <reporter-output>
          </reporter-output>
        </test-method> <!-- negativeInputsAndNegativeOutput -->
        <test-method signature="nonNegativeNonZeroOperands()[pri:0, instance:ca.jbrains.math.test.AddFractionsTest@6950e31]" started-at="2020-03-04T15:46:24Z" name="nonNegativeNonZeroOperands" finished-at="2020-03-04T15:46:24Z" duration-ms="0" status="PASS">
          <reporter-output>
          </reporter-output>
        </test-method> <!-- nonNegativeNonZeroOperands -->
        <test-method signature="zeroPlusZero()[pri:0, instance:ca.jbrains.math.test.AddFractionsTest@6950e31]" started-at="2020-03-04T15:46:24Z" name="zeroPlusZero" finished-at="2020-03-04T15:46:24Z" duration-ms="0" status="PASS">
          <reporter-output>
          </reporter-output>
        </test-method> <!-- zeroPlusZero -->
        <test-method signature="nonZeroPlusZero()[pri:0, instance:ca.jbrains.math.test.AddFractionsTest@6950e31]" started-at="2020-03-04T15:46:24Z" name="nonZeroPlusZero" finished-at="2020-03-04T15:46:24Z" duration-ms="0" status="PASS">
          <reporter-output>
          </reporter-output>
        </test-method> <!-- nonZeroPlusZero -->
        <test-method signature="nonTrivialDenominator()[pri:0, instance:ca.jbrains.math.test.AddFractionsTest@6950e31]" started-at="2020-03-04T15:46:24Z" name="nonTrivialDenominator" finished-at="2020-03-04T15:46:24Z" duration-ms="0" status="PASS">
          <reporter-output>
          </reporter-output>
        </test-method> <!-- nonTrivialDenominator -->
        <test-method signature="zeroPlusNonZero()[pri:0, instance:ca.jbrains.math.test.AddFractionsTest@6950e31]" started-at="2020-03-04T15:46:24Z" name="zeroPlusNonZero" finished-at="2020-03-04T15:46:24Z" duration-ms="0" status="PASS">
          <reporter-output>
          </reporter-output>
        </test-method> <!-- zeroPlusNonZero -->
      </class> <!-- ca.jbrains.math.test.AddFractionsTest -->
    </test> <!-- Surefire test -->
  </suite> <!-- Surefire suite -->
</testng-results>
