<?xml version="1.0" encoding="UTF-8"?>
<testsuite name="ca.jbrains.math.test.AddFractionsTest" time="0.016" tests="6" errors="0" skipped="0" failures="0">
  <properties>
[...]
</properties>
  <testcase name="negativeInputsAndNegativeOutput" classname="ca.jbrains.math.test.AddFractionsTest" time="0.016"/>
  <testcase name="nonNegativeNonZeroOperands" classname="ca.jbrains.math.test.AddFractionsTest" time="0"/>
  <testcase name="nonTrivialDenominator" classname="ca.jbrains.math.test.AddFractionsTest" time="0"/>
  <testcase name="nonZeroPlusZero" classname="ca.jbrains.math.test.AddFractionsTest" time="0"/>
  <testcase name="zeroPlusNonZero" classname="ca.jbrains.math.test.AddFractionsTest" time="0"/>
  <testcase name="zeroPlusZero" classname="ca.jbrains.math.test.AddFractionsTest" time="0"/>
</testsuite>